({, SEPARATOR)
(int, KEYWORD)
(:, SEPARATOR)
(a, IDENTIFIER)
(;, SEPARATOR)
(int, KEYWORD)
(:, SEPARATOR)
(b, IDENTIFIER)
(;, SEPARATOR)
(int, KEYWORD)
(:, SEPARATOR)
(c, IDENTIFIER)
(;, SEPARATOR)
(int, KEYWORD)
(:, SEPARATOR)
(minim, IDENTIFIER)
(;, SEPARATOR)
(a, IDENTIFIER)
(=, OPERATOR)
(1, INT)
(;, SEPARATOR)
(b, IDENTIFIER)
(=, OPERATOR)
(20, INT)
(;, SEPARATOR)
(c, IDENTIFIER)
(=, OPERATOR)
(0, INT)
(;, SEPARATOR)
(if, KEYWORD)
(:, SEPARATOR)
(a, IDENTIFIER)
(<, OPERATOR)
(b, IDENTIFIER)
({, SEPARATOR)
(minim, IDENTIFIER)
(=, OPERATOR)
(a, IDENTIFIER)
(;, SEPARATOR)
(}, SEPARATOR)
(else, KEYWORD)
({, SEPARATOR)
(minim, IDENTIFIER)
(=, OPERATOR)
(b, IDENTIFIER)
(;, SEPARATOR)
(}, SEPARATOR)
(;, SEPARATOR)
(if, KEYWORD)
(:, SEPARATOR)
(c, IDENTIFIER)
(<, OPERATOR)
(b, IDENTIFIER)
({, SEPARATOR)
(minim, IDENTIFIER)
(=, OPERATOR)
(c, IDENTIFIER)
(;, SEPARATOR)
(}, SEPARATOR)
(;, SEPARATOR)
(}, SEPARATOR)
