({, SEPARATOR)
(list, KEYWORD)
(int, KEYWORD)
(:, SEPARATOR)
(a, IDENTIFIER)
(;, SEPARATOR)
(int, KEYWORD)
(:, SEPARATOR)
(l, IDENTIFIER)
(;, SEPARATOR)
(int, KEYWORD)
(:, SEPARATOR)
(s, IDENTIFIER)
(;, SEPARATOR)
(int, KEYWORD)
(:, SEPARATOR)
(i, IDENTIFIER)
(;, SEPARATOR)
(a, IDENTIFIER)
(=, OPERATOR)
([, SEPARATOR)
(1, INT)
(,, SEPARATOR)
(2, INT)
(,, SEPARATOR)
(3, INT)
(,, SEPARATOR)
(4, INT)
(], SEPARATOR)
(;, SEPARATOR)
(l, IDENTIFIER)
(=, OPERATOR)
(5, INT)
(;, SEPARATOR)
(s, IDENTIFIER)
(=, OPERATOR)
(0, INT)
(;, SEPARATOR)
(i, IDENTIFIER)
(=, OPERATOR)
(0, INT)
(;, SEPARATOR)
(while, KEYWORD)
(:, SEPARATOR)
(i, IDENTIFIER)
(/=, OPERATOR)
(l, IDENTIFIER)
({, SEPARATOR)
(s, IDENTIFIER)
(=, OPERATOR)
(s, IDENTIFIER)
(+, OPERATOR)
(a, IDENTIFIER)
([, SEPARATOR)
(i, IDENTIFIER)
(], SEPARATOR)
(;, SEPARATOR)
(i, IDENTIFIER)
(=, OPERATOR)
(i, IDENTIFIER)
(+, OPERATOR)
(1, INT)
(;, SEPARATOR)
(}, SEPARATOR)
(;, SEPARATOR)
(}, SEPARATOR)
