(int, Token.RESERVED)
(main, Token.IDENTIFIER)
({, Token.SEPARATOR)
(int, Token.RESERVED)
(a, Token.IDENTIFIER)
([, Token.SEPARATOR)
(5, Token.LITERAL)
(], Token.SEPARATOR)
(=, Token.OPERATOR)
([, Token.SEPARATOR)
(1, Token.LITERAL)
(,, Token.SEPARATOR)
(2, Token.LITERAL)
(,, Token.SEPARATOR)
(3, Token.LITERAL)
(,, Token.SEPARATOR)
(4, Token.LITERAL)
(,, Token.SEPARATOR)
(5, Token.LITERAL)
(], Token.SEPARATOR)
(,, Token.SEPARATOR)
(l, Token.IDENTIFIER)
(=, Token.OPERATOR)
(5, Token.LITERAL)
(,, Token.SEPARATOR)
(s, Token.IDENTIFIER)
(,, Token.SEPARATOR)
(i, Token.IDENTIFIER)
(=, Token.OPERATOR)
(0, Token.LITERAL)
(,, Token.SEPARATOR)
("hhfh", Token.LITERAL)
(while, Token.RESERVED)
(i, Token.IDENTIFIER)
(\=, Token.OPERATOR)
(l, Token.IDENTIFIER)
(s, Token.IDENTIFIER)
(=, Token.OPERATOR)
(0, Token.LITERAL)
(+, Token.OPERATOR)
(a, Token.IDENTIFIER)
([, Token.SEPARATOR)
(i, Token.IDENTIFIER)
(], Token.SEPARATOR)
(;, Token.SEPARATOR)
(}, Token.SEPARATOR)